2020-12-16 20:57:33,305 - [base_page.py-->line:55] - ERROR: 查找页面元素//div[@id="layui-layer1"]//div[@class="capital_font1 note"]失败
Traceback (most recent call last):
  File "C:\工具资料\GitHub\python_web_autotest\html_page\base_page.py", line 49, in find_ele
    self.ele = WebDriverWait(self.driver, wait_time).until(EC.presence_of_element_located((getattr(By, method), pat)))
  File "C:\Users\64121\AppData\Local\Programs\Python\Python37\lib\site-packages\selenium\webdriver\support\wait.py", line 80, in until
    raise TimeoutException(message, screen, stacktrace)
selenium.common.exceptions.TimeoutException: Message: 

2020-12-16 20:58:55,787 - [base_page.py-->line:55] - ERROR: 查找页面元素//div[@id="layui-layer1"]//div[@class="capital_font1 note"]失败
Traceback (most recent call last):
  File "C:\工具资料\GitHub\python_web_autotest\html_page\base_page.py", line 49, in find_ele
    self.ele = WebDriverWait(self.driver, wait_time).until(EC.presence_of_element_located((getattr(By, method), pat)))
  File "C:\Users\64121\AppData\Local\Programs\Python\Python37\lib\site-packages\selenium\webdriver\support\wait.py", line 80, in until
    raise TimeoutException(message, screen, stacktrace)
selenium.common.exceptions.TimeoutException: Message: 

2020-12-16 21:01:02,029 - [base_page.py-->line:55] - ERROR: 查找页面元素//span[text()=' 借款买地1608013256']/ancestor::div[2]//a[text()="抢投标"]失败
Traceback (most recent call last):
  File "C:\工具资料\GitHub\python_web_autotest\html_page\base_page.py", line 49, in find_ele
    self.ele = WebDriverWait(self.driver, wait_time).until(EC.presence_of_element_located((getattr(By, method), pat)))
  File "C:\Users\64121\AppData\Local\Programs\Python\Python37\lib\site-packages\selenium\webdriver\support\wait.py", line 80, in until
    raise TimeoutException(message, screen, stacktrace)
selenium.common.exceptions.TimeoutException: Message: 

2020-12-16 21:03:15,618 - [base_page.py-->line:55] - ERROR: 查找页面元素//span[text()=' 78期么么哒']/ancestor::div[2]//a[text()="抢投标"]失败
Traceback (most recent call last):
  File "C:\工具资料\GitHub\python_web_autotest\html_page\base_page.py", line 49, in find_ele
    self.ele = WebDriverWait(self.driver, wait_time).until(EC.presence_of_element_located((getattr(By, method), pat)))
  File "C:\Users\64121\AppData\Local\Programs\Python\Python37\lib\site-packages\selenium\webdriver\support\wait.py", line 80, in until
    raise TimeoutException(message, screen, stacktrace)
selenium.common.exceptions.TimeoutException: Message: 

